<?xml version="1.0" encoding="UTF-8"?>
<testng-results ignored="0" total="3" passed="3" failed="0" skipped="0">
  <reporter-output>
  </reporter-output>
  <suite started-at="2025-09-21T14:14:27 IST" name="Suite" finished-at="2025-09-21T14:14:35 IST" duration-ms="7821">
    <groups>
    </groups>
    <test started-at="2025-09-21T14:14:27 IST" name="TestRunner2" finished-at="2025-09-21T14:14:35 IST" duration-ms="7820">
      <class name="typesOfExecution.Demo1">
        <test-method signature="case1()[pri:0, instance:typesOfExecution.Demo1@247bddad]" started-at="2025-09-21T14:14:27 IST" name="case1" finished-at="2025-09-21T14:14:35 IST" duration-ms="7754" status="PASS">
          <reporter-output>
          </reporter-output>
        </test-method> <!-- case1 -->
      </class> <!-- typesOfExecution.Demo1 -->
    </test> <!-- TestRunner2 -->
    <test started-at="2025-09-21T14:14:27 IST" name="TestRunner1" finished-at="2025-09-21T14:14:35 IST" duration-ms="7821">
      <class name="typesOfExecution.Demo1">
        <test-method signature="case1()[pri:0, instance:typesOfExecution.Demo1@1d296da]" started-at="2025-09-21T14:14:27 IST" name="case1" finished-at="2025-09-21T14:14:35 IST" duration-ms="7754" status="PASS">
          <reporter-output>
          </reporter-output>
        </test-method> <!-- case1 -->
      </class> <!-- typesOfExecution.Demo1 -->
    </test> <!-- TestRunner1 -->
    <test started-at="2025-09-21T14:14:27 IST" name="TestRunner3" finished-at="2025-09-21T14:14:35 IST" duration-ms="7803">
      <class name="typesOfExecution.Demo1">
        <test-method signature="case1()[pri:0, instance:typesOfExecution.Demo1@7770f470]" started-at="2025-09-21T14:14:27 IST" name="case1" finished-at="2025-09-21T14:14:35 IST" duration-ms="7727" status="PASS">
          <reporter-output>
          </reporter-output>
        </test-method> <!-- case1 -->
      </class> <!-- typesOfExecution.Demo1 -->
    </test> <!-- TestRunner3 -->
  </suite> <!-- Suite -->
</testng-results>
