<?xml version="1.0" encoding="UTF-8"?>
<testng-results ignored="0" total="1" passed="1" failed="0" skipped="0">
  <reporter-output>
  </reporter-output>
  <suite started-at="2025-10-05T10:28:11 IST" name="Default suite" finished-at="2025-10-05T10:28:13 IST" duration-ms="1668">
    <groups>
    </groups>
    <test started-at="2025-10-05T10:28:11 IST" name="Default test" finished-at="2025-10-05T10:28:13 IST" duration-ms="1668">
      <class name="advance_reports_extra.SauceDemo">
        <test-method signature="loginSauce()[pri:0, instance:advance_reports_extra.SauceDemo@776aec5c]" started-at="2025-10-05T10:28:11 IST" name="loginSauce" finished-at="2025-10-05T10:28:13 IST" duration-ms="1623" status="PASS">
          <reporter-output>
          </reporter-output>
        </test-method> <!-- loginSauce -->
      </class> <!-- advance_reports_extra.SauceDemo -->
    </test> <!-- Default test -->
  </suite> <!-- Default suite -->
</testng-results>
