<?xml version="1.0" encoding="UTF-8"?>
<!-- Generated by org.testng.reporters.JUnitXMLReporter -->
<testsuite ignored="0" hostname="TYSS-Piyush-Baldaniya" failures="0" tests="3" name="Default test" time="10.954" errors="0" timestamp="2025-09-21T12:45:21 IST">
  <testcase classname="testng_extra.TwoDimensionArray" name="fbLogin" time="4.11"/>
  <testcase classname="testng_extra.TwoDimensionArray" name="fbLogin" time="3.476"/>
  <testcase classname="testng_extra.TwoDimensionArray" name="fbLogin" time="3.305"/>
</testsuite> <!-- Default test -->
