<?xml version="1.0" encoding="UTF-8"?>
<!-- Generated by org.testng.reporters.JUnitXMLReporter -->
<testsuite ignored="0" hostname="TYSS-Piyush-Baldaniya" failures="0" tests="3" name="Default test" time="0.077" errors="0" timestamp="2025-09-14T14:33:10 IST">
  <testcase classname="testng_extra.Demo2" name="case1" time="0.013"/>
  <testcase classname="testng_extra.Demo2" name="case2" time="0.002"/>
  <testcase classname="testng_extra.Demo2" name="case3" time="0.004"/>
</testsuite> <!-- Default test -->
