<?xml version="1.0" encoding="UTF-8"?>
<!-- Generated by org.testng.reporters.JUnitXMLReporter -->
<testsuite ignored="0" hostname="TYSS-Piyush-Baldaniya" failures="0" tests="3" name="Test" time="19.78" errors="0" timestamp="2025-09-21T13:54:28 IST">
  <testcase classname="typesOfExecution.Demo1" name="case1" time="6.959"/>
  <testcase classname="typesOfExecution.Demo2" name="case2" time="6.424"/>
  <testcase classname="typesOfExecution.Demo3" name="case3" time="6.344"/>
</testsuite> <!-- Test -->
